# JRE version: OpenJDK Runtime Environment (7.0_95) (build 1.7.0_95-b00)
# Java VM: OpenJDK 64-Bit Server VM (24.95-b01 mixed mode linux-amd64 compressed oops)
Heap
 PSYoungGen      total 166912K, used 0K [0x00000000eaa80000, 0x00000000ff700000, 0x0000000100000000)
  eden space 117248K, 0% used [0x00000000eaa80000,0x00000000eaa80000,0x00000000f1d00000)
  from space 49664K, 0% used [0x00000000f1d00000,0x00000000f1d00000,0x00000000f4d80000)
  to   space 111616K, 0% used [0x00000000f8a00000,0x00000000f8a00000,0x00000000ff700000)
 ParOldGen       total 492544K, used 382508K [0x00000000c0000000, 0x00000000de100000, 0x00000000eaa80000)
  object space 492544K, 77% used [0x00000000c0000000,0x00000000d758b080,0x00000000de100000)
 PSPermGen       total 21504K, used 6466K [0x00000000b5a00000, 0x00000000b6f00000, 0x00000000c0000000)
  object space 21504K, 30% used [0x00000000b5a00000,0x00000000b6050a68,0x00000000b6f00000)
GC Heap History (10 events):
Event: 20.682 GC heap after
Heap after GC invocations=26 (full 5):
 PSYoungGen      total 167424K, used 49885K [0x00000000eaa80000, 0x00000000ffa00000, 0x0000000100000000)
  eden space 117248K, 0% used [0x00000000eaa80000,0x00000000eaa80000,0x00000000f1d00000)
  from space 50176K, 99% used [0x00000000f1d00000,0x00000000f4db7420,0x00000000f4e00000)
  to   space 113152K, 0% used [0x00000000f8b80000,0x00000000f8b80000,0x00000000ffa00000)
 ParOldGen       total 492544K, used 316993K [0x00000000c0000000, 0x00000000de100000, 0x00000000eaa80000)
  object space 492544K, 64% used [0x00000000c0000000,0x00000000d35904f8,0x00000000de100000)
 PSPermGen       total 21504K, used 6465K [0x00000000b5a00000, 0x00000000b6f00000, 0x00000000c0000000)
  object space 21504K, 30% used [0x00000000b5a00000,0x00000000b6050570,0x00000000b6f00000)
}
Event: 20.846 GC heap before
{Heap before GC invocations=27 (full 5):
 PSYoungGen      total 167424K, used 167133K [0x00000000eaa80000, 0x00000000ffa00000, 0x0000000100000000)
  eden space 117248K, 100% used [0x00000000eaa80000,0x00000000f1d00000,0x00000000f1d00000)
  from space 50176K, 99% used [0x00000000f1d00000,0x00000000f4db7420,0x00000000f4e00000)
  to   space 113152K, 0% used [0x00000000f8b80000,0x00000000f8b80000,0x00000000ffa00000)
 ParOldGen       total 492544K, used 316993K [0x00000000c0000000, 0x00000000de100000, 0x00000000eaa80000)
  object space 492544K, 64% used [0x00000000c0000000,0x00000000d35904f8,0x00000000de100000)
 PSPermGen       total 21504K, used 6465K [0x00000000b5a00000, 0x00000000b6f00000, 0x00000000c0000000)
  object space 21504K, 30% used [0x00000000b5a00000,0x00000000b6050570,0x00000000b6f00000)
Event: 20.909 GC heap after
Heap after GC invocations=27 (full 5):
 PSYoungGen      total 227328K, used 91405K [0x00000000eaa80000, 0x0000000100000000, 0x0000000100000000)
  eden space 114176K, 0% used [0x00000000eaa80000,0x00000000eaa80000,0x00000000f1a00000)
  from space 113152K, 80% used [0x00000000f8b80000,0x00000000fe4c3478,0x00000000ffa00000)
  to   space 116224K, 0% used [0x00000000f1a00000,0x00000000f1a00000,0x00000000f8b80000)
 ParOldGen       total 492544K, used 316993K [0x00000000c0000000, 0x00000000de100000, 0x00000000eaa80000)
  object space 492544K, 64% used [0x00000000c0000000,0x00000000d35904f8,0x00000000de100000)
 PSPermGen       total 21504K, used 6465K [0x00000000b5a00000, 0x00000000b6f00000, 0x00000000c0000000)
  object space 21504K, 30% used [0x00000000b5a00000,0x00000000b6050570,0x00000000b6f00000)
}
Event: 21.421 GC heap before
{Heap before GC invocations=28 (full 5):
 PSYoungGen      total 227328K, used 205581K [0x00000000eaa80000, 0x0000000100000000, 0x0000000100000000)
  eden space 114176K, 100% used [0x00000000eaa80000,0x00000000f1a00000,0x00000000f1a00000)
  from space 113152K, 80% used [0x00000000f8b80000,0x00000000fe4c3478,0x00000000ffa00000)
  to   space 116224K, 0% used [0x00000000f1a00000,0x00000000f1a00000,0x00000000f8b80000)
 ParOldGen       total 492544K, used 316993K [0x00000000c0000000, 0x00000000de100000, 0x00000000eaa80000)
  object space 492544K, 64% used [0x00000000c0000000,0x00000000d35904f8,0x00000000de100000)
 PSPermGen       total 21504K, used 6466K [0x00000000b5a00000, 0x00000000b6f00000, 0x00000000c0000000)
  object space 21504K, 30% used [0x00000000b5a00000,0x00000000b6050a68,0x00000000b6f00000)
Event: 21.496 GC heap after
Heap after GC invocations=28 (full 5):
 PSYoungGen      total 230400K, used 34885K [0x00000000eaa80000, 0x0000000100000000, 0x0000000100000000)
  eden space 114176K, 0% used [0x00000000eaa80000,0x00000000eaa80000,0x00000000f1a00000)
  from space 116224K, 30% used [0x00000000f1a00000,0x00000000f3c11798,0x00000000f8b80000)
  to   space 116224K, 0% used [0x00000000f8e80000,0x00000000f8e80000,0x0000000100000000)
 ParOldGen       total 492544K, used 369672K [0x00000000c0000000, 0x00000000de100000, 0x00000000eaa80000)
  object space 492544K, 75% used [0x00000000c0000000,0x00000000d6902328,0x00000000de100000)
 PSPermGen       total 21504K, used 6466K [0x00000000b5a00000, 0x00000000b6f00000, 0x00000000c0000000)
  object space 21504K, 30% used [0x00000000b5a00000,0x00000000b6050a68,0x00000000b6f00000)
}
Event: 21.816 GC heap before
{Heap before GC invocations=29 (full 5):
 PSYoungGen      total 230400K, used 149061K [0x00000000eaa80000, 0x0000000100000000, 0x0000000100000000)
  eden space 114176K, 100% used [0x00000000eaa80000,0x00000000f1a00000,0x00000000f1a00000)
  from space 116224K, 30% used [0x00000000f1a00000,0x00000000f3c11798,0x00000000f8b80000)
  to   space 116224K, 0% used [0x00000000f8e80000,0x00000000f8e80000,0x0000000100000000)
 ParOldGen       total 492544K, used 369672K [0x00000000c0000000, 0x00000000de100000, 0x00000000eaa80000)
  object space 492544K, 75% used [0x00000000c0000000,0x00000000d6902328,0x00000000de100000)
 PSPermGen       total 21504K, used 6466K [0x00000000b5a00000, 0x00000000b6f00000, 0x00000000c0000000)
  object space 21504K, 30% used [0x00000000b5a00000,0x00000000b6050a68,0x00000000b6f00000)
Event: 21.905 GC heap after
Heap after GC invocations=29 (full 5):
 PSYoungGen      total 233472K, used 65829K [0x00000000eaa80000, 0x0000000100000000, 0x0000000100000000)
  eden space 117248K, 0% used [0x00000000eaa80000,0x00000000eaa80000,0x00000000f1d00000)
  from space 116224K, 56% used [0x00000000f8e80000,0x00000000fcec9510,0x0000000100000000)
  to   space 116224K, 0% used [0x00000000f1d00000,0x00000000f1d00000,0x00000000f8e80000)
 ParOldGen       total 492544K, used 402927K [0x00000000c0000000, 0x00000000de100000, 0x00000000eaa80000)
  object space 492544K, 81% used [0x00000000c0000000,0x00000000d897bc58,0x00000000de100000)
 PSPermGen       total 21504K, used 6466K [0x00000000b5a00000, 0x00000000b6f00000, 0x00000000c0000000)
  object space 21504K, 30% used [0x00000000b5a00000,0x00000000b6050a68,0x00000000b6f00000)
}
Event: 22.020 GC heap before
{Heap before GC invocations=30 (full 5):
 PSYoungGen      total 233472K, used 183077K [0x00000000eaa80000, 0x0000000100000000, 0x0000000100000000)
  eden space 117248K, 100% used [0x00000000eaa80000,0x00000000f1d00000,0x00000000f1d00000)
  from space 116224K, 56% used [0x00000000f8e80000,0x00000000fcec9510,0x0000000100000000)
  to   space 116224K, 0% used [0x00000000f1d00000,0x00000000f1d00000,0x00000000f8e80000)
 ParOldGen       total 492544K, used 402927K [0x00000000c0000000, 0x00000000de100000, 0x00000000eaa80000)
  object space 492544K, 81% used [0x00000000c0000000,0x00000000d897bc58,0x00000000de100000)
 PSPermGen       total 21504K, used 6466K [0x00000000b5a00000, 0x00000000b6f00000, 0x00000000c0000000)
  object space 21504K, 30% used [0x00000000b5a00000,0x00000000b6050a68,0x00000000b6f00000)
Event: 22.082 GC heap after
Heap after GC invocations=30 (full 5):
 PSYoungGen      total 166912K, used 49390K [0x00000000eaa80000, 0x00000000ff700000, 0x0000000100000000)
  eden space 117248K, 0% used [0x00000000eaa80000,0x00000000eaa80000,0x00000000f1d00000)
  from space 49664K, 99% used [0x00000000f1d00000,0x00000000f4d3b8e8,0x00000000f4d80000)
  to   space 111616K, 0% used [0x00000000f8a00000,0x00000000f8a00000,0x00000000ff700000)
 ParOldGen       total 492544K, used 469988K [0x00000000c0000000, 0x00000000de100000, 0x00000000eaa80000)
  object space 492544K, 95% used [0x00000000c0000000,0x00000000dcaf9168,0x00000000de100000)
 PSPermGen       total 21504K, used 6466K [0x00000000b5a00000, 0x00000000b6f00000, 0x00000000c0000000)
  object space 21504K, 30% used [0x00000000b5a00000,0x00000000b6050a68,0x00000000b6f00000)
}
Event: 22.082 GC heap before
{Heap before GC invocations=31 (full 6):
 PSYoungGen      total 166912K, used 49390K [0x00000000eaa80000, 0x00000000ff700000, 0x0000000100000000)
  eden space 117248K, 0% used [0x00000000eaa80000,0x00000000eaa80000,0x00000000f1d00000)
  from space 49664K, 99% used [0x00000000f1d00000,0x00000000f4d3b8e8,0x00000000f4d80000)
  to   space 111616K, 0% used [0x00000000f8a00000,0x00000000f8a00000,0x00000000ff700000)
 ParOldGen       total 492544K, used 469988K [0x00000000c0000000, 0x00000000de100000, 0x00000000eaa80000)
  object space 492544K, 95% used [0x00000000c0000000,0x00000000dcaf9168,0x00000000de100000)
 PSPermGen       total 21504K, used 6466K [0x00000000b5a00000, 0x00000000b6f00000, 0x00000000c0000000)
  object space 21504K, 30% used [0x00000000b5a00000,0x00000000b6050a68,0x00000000b6f00000)

