# JRE version: OpenJDK Runtime Environment (7.0_95) (build 1.7.0_95-b00)
# Java VM: OpenJDK 64-Bit Server VM (24.95-b01 mixed mode linux-amd64 compressed oops)
Heap
 PSYoungGen      total 220672K, used 0K [0x00000000eaa80000, 0x0000000100000000, 0x0000000100000000)
  eden space 124416K, 0% used [0x00000000eaa80000,0x00000000eaa80000,0x00000000f2400000)
  from space 96256K, 0% used [0x00000000fa200000,0x00000000fa200000,0x0000000100000000)
  to   space 112640K, 0% used [0x00000000f2400000,0x00000000f2400000,0x00000000f9200000)
 ParOldGen       total 221696K, used 156620K [0x00000000c0000000, 0x00000000cd880000, 0x00000000eaa80000)
  object space 221696K, 70% used [0x00000000c0000000,0x00000000c98f3268,0x00000000cd880000)
 PSPermGen       total 21504K, used 6002K [0x00000000b5a00000, 0x00000000b6f00000, 0x00000000c0000000)
  object space 21504K, 27% used [0x00000000b5a00000,0x00000000b5fdc808,0x00000000b6f00000)
GC Heap History (10 events):
Event: 20.402 GC heap after
Heap after GC invocations=17 (full 3):
 PSYoungGen      total 236032K, used 52019K [0x00000000eaa80000, 0x00000000fe380000, 0x0000000100000000)
  eden space 173056K, 0% used [0x00000000eaa80000,0x00000000eaa80000,0x00000000f5380000)
  from space 62976K, 82% used [0x00000000f9780000,0x00000000fca4cd78,0x00000000fd500000)
  to   space 69632K, 0% used [0x00000000f5380000,0x00000000f5380000,0x00000000f9780000)
 ParOldGen       total 221696K, used 127198K [0x00000000c0000000, 0x00000000cd880000, 0x00000000eaa80000)
  object space 221696K, 57% used [0x00000000c0000000,0x00000000c7c37a98,0x00000000cd880000)
 PSPermGen       total 21504K, used 5997K [0x00000000b5a00000, 0x00000000b6f00000, 0x00000000c0000000)
  object space 21504K, 27% used [0x00000000b5a00000,0x00000000b5fdb598,0x00000000b6f00000)
}
Event: 20.974 GC heap before
{Heap before GC invocations=18 (full 3):
 PSYoungGen      total 236032K, used 225075K [0x00000000eaa80000, 0x00000000fe380000, 0x0000000100000000)
  eden space 173056K, 100% used [0x00000000eaa80000,0x00000000f5380000,0x00000000f5380000)
  from space 62976K, 82% used [0x00000000f9780000,0x00000000fca4cd78,0x00000000fd500000)
  to   space 69632K, 0% used [0x00000000f5380000,0x00000000f5380000,0x00000000f9780000)
 ParOldGen       total 221696K, used 127198K [0x00000000c0000000, 0x00000000cd880000, 0x00000000eaa80000)
  object space 221696K, 57% used [0x00000000c0000000,0x00000000c7c37a98,0x00000000cd880000)
 PSPermGen       total 21504K, used 5997K [0x00000000b5a00000, 0x00000000b6f00000, 0x00000000c0000000)
  object space 21504K, 27% used [0x00000000b5a00000,0x00000000b5fdb650,0x00000000b6f00000)
Event: 21.041 GC heap after
Heap after GC invocations=18 (full 3):
 PSYoungGen      total 242688K, used 69606K [0x00000000eaa80000, 0x0000000100000000, 0x0000000100000000)
  eden space 173056K, 0% used [0x00000000eaa80000,0x00000000eaa80000,0x00000000f5380000)
  from space 69632K, 99% used [0x00000000f5380000,0x00000000f9779b70,0x00000000f9780000)
  to   space 83456K, 0% used [0x00000000fae80000,0x00000000fae80000,0x0000000100000000)
 ParOldGen       total 221696K, used 133581K [0x00000000c0000000, 0x00000000cd880000, 0x00000000eaa80000)
  object space 221696K, 60% used [0x00000000c0000000,0x00000000c8273560,0x00000000cd880000)
 PSPermGen       total 21504K, used 5997K [0x00000000b5a00000, 0x00000000b6f00000, 0x00000000c0000000)
  object space 21504K, 27% used [0x00000000b5a00000,0x00000000b5fdb650,0x00000000b6f00000)
}
Event: 21.755 GC heap before
{Heap before GC invocations=19 (full 3):
 PSYoungGen      total 242688K, used 242662K [0x00000000eaa80000, 0x0000000100000000, 0x0000000100000000)
  eden space 173056K, 100% used [0x00000000eaa80000,0x00000000f5380000,0x00000000f5380000)
  from space 69632K, 99% used [0x00000000f5380000,0x00000000f9779b70,0x00000000f9780000)
  to   space 83456K, 0% used [0x00000000fae80000,0x00000000fae80000,0x0000000100000000)
 ParOldGen       total 221696K, used 133581K [0x00000000c0000000, 0x00000000cd880000, 0x00000000eaa80000)
  object space 221696K, 60% used [0x00000000c0000000,0x00000000c8273560,0x00000000cd880000)
 PSPermGen       total 21504K, used 5997K [0x00000000b5a00000, 0x00000000b6f00000, 0x00000000c0000000)
  object space 21504K, 27% used [0x00000000b5a00000,0x00000000b5fdb6f8,0x00000000b6f00000)
Event: 21.894 GC heap after
Heap after GC invocations=19 (full 3):
 PSYoungGen      total 240640K, used 79934K [0x00000000eaa80000, 0x0000000100000000, 0x0000000100000000)
  eden space 157184K, 0% used [0x00000000eaa80000,0x00000000eaa80000,0x00000000f4400000)
  from space 83456K, 95% used [0x00000000fae80000,0x00000000ffc8f818,0x0000000100000000)
  to   space 96256K, 0% used [0x00000000f4400000,0x00000000f4400000,0x00000000fa200000)
 ParOldGen       total 221696K, used 159985K [0x00000000c0000000, 0x00000000cd880000, 0x00000000eaa80000)
  object space 221696K, 72% used [0x00000000c0000000,0x00000000c9c3c6b0,0x00000000cd880000)
 PSPermGen       total 21504K, used 5997K [0x00000000b5a00000, 0x00000000b6f00000, 0x00000000c0000000)
  object space 21504K, 27% used [0x00000000b5a00000,0x00000000b5fdb6f8,0x00000000b6f00000)
}
Event: 22.560 GC heap before
{Heap before GC invocations=20 (full 3):
 PSYoungGen      total 240640K, used 237118K [0x00000000eaa80000, 0x0000000100000000, 0x0000000100000000)
  eden space 157184K, 100% used [0x00000000eaa80000,0x00000000f4400000,0x00000000f4400000)
  from space 83456K, 95% used [0x00000000fae80000,0x00000000ffc8f818,0x0000000100000000)
  to   space 96256K, 0% used [0x00000000f4400000,0x00000000f4400000,0x00000000fa200000)
 ParOldGen       total 221696K, used 159985K [0x00000000c0000000, 0x00000000cd880000, 0x00000000eaa80000)
  object space 221696K, 72% used [0x00000000c0000000,0x00000000c9c3c6b0,0x00000000cd880000)
 PSPermGen       total 21504K, used 5998K [0x00000000b5a00000, 0x00000000b6f00000, 0x00000000c0000000)
  object space 21504K, 27% used [0x00000000b5a00000,0x00000000b5fdb858,0x00000000b6f00000)
Event: 22.665 GC heap after
Heap after GC invocations=20 (full 3):
 PSYoungGen      total 253440K, used 96249K [0x00000000eaa80000, 0x0000000100000000, 0x0000000100000000)
  eden space 157184K, 0% used [0x00000000eaa80000,0x00000000eaa80000,0x00000000f4400000)
  from space 96256K, 99% used [0x00000000f4400000,0x00000000fa1fe490,0x00000000fa200000)
  to   space 96256K, 0% used [0x00000000fa200000,0x00000000fa200000,0x0000000100000000)
 ParOldGen       total 221696K, used 164235K [0x00000000c0000000, 0x00000000cd880000, 0x00000000eaa80000)
  object space 221696K, 74% used [0x00000000c0000000,0x00000000ca062d58,0x00000000cd880000)
 PSPermGen       total 21504K, used 5998K [0x00000000b5a00000, 0x00000000b6f00000, 0x00000000c0000000)
  object space 21504K, 27% used [0x00000000b5a00000,0x00000000b5fdb858,0x00000000b6f00000)
}
Event: 23.456 GC heap before
{Heap before GC invocations=21 (full 3):
 PSYoungGen      total 253440K, used 253433K [0x00000000eaa80000, 0x0000000100000000, 0x0000000100000000)
  eden space 157184K, 100% used [0x00000000eaa80000,0x00000000f4400000,0x00000000f4400000)
  from space 96256K, 99% used [0x00000000f4400000,0x00000000fa1fe490,0x00000000fa200000)
  to   space 96256K, 0% used [0x00000000fa200000,0x00000000fa200000,0x0000000100000000)
 ParOldGen       total 221696K, used 164235K [0x00000000c0000000, 0x00000000cd880000, 0x00000000eaa80000)
  object space 221696K, 74% used [0x00000000c0000000,0x00000000ca062d58,0x00000000cd880000)
 PSPermGen       total 21504K, used 6002K [0x00000000b5a00000, 0x00000000b6f00000, 0x00000000c0000000)
  object space 21504K, 27% used [0x00000000b5a00000,0x00000000b5fdc808,0x00000000b6f00000)
Event: 24.185 GC heap after
Heap after GC invocations=21 (full 3):
 PSYoungGen      total 220672K, used 56584K [0x00000000eaa80000, 0x0000000100000000, 0x0000000100000000)
  eden space 124416K, 0% used [0x00000000eaa80000,0x00000000eaa80000,0x00000000f2400000)
  from space 96256K, 58% used [0x00000000fa200000,0x00000000fd9422e8,0x0000000100000000)
  to   space 112640K, 0% used [0x00000000f2400000,0x00000000f2400000,0x00000000f9200000)
 ParOldGen       total 221696K, used 218777K [0x00000000c0000000, 0x00000000cd880000, 0x00000000eaa80000)
  object space 221696K, 98% used [0x00000000c0000000,0x00000000cd5a65b0,0x00000000cd880000)
 PSPermGen       total 21504K, used 6002K [0x00000000b5a00000, 0x00000000b6f00000, 0x00000000c0000000)
  object space 21504K, 27% used [0x00000000b5a00000,0x00000000b5fdc808,0x00000000b6f00000)
}
Event: 24.199 GC heap before
{Heap before GC invocations=22 (full 4):
 PSYoungGen      total 220672K, used 56584K [0x00000000eaa80000, 0x0000000100000000, 0x0000000100000000)
  eden space 124416K, 0% used [0x00000000eaa80000,0x00000000eaa80000,0x00000000f2400000)
  from space 96256K, 58% used [0x00000000fa200000,0x00000000fd9422e8,0x0000000100000000)
  to   space 112640K, 0% used [0x00000000f2400000,0x00000000f2400000,0x00000000f9200000)
 ParOldGen       total 221696K, used 218777K [0x00000000c0000000, 0x00000000cd880000, 0x00000000eaa80000)
  object space 221696K, 98% used [0x00000000c0000000,0x00000000cd5a65b0,0x00000000cd880000)
 PSPermGen       total 21504K, used 6002K [0x00000000b5a00000, 0x00000000b6f00000, 0x00000000c0000000)
  object space 21504K, 27% used [0x00000000b5a00000,0x00000000b5fdc808,0x00000000b6f00000)

