# JRE version: OpenJDK Runtime Environment (7.0_95) (build 1.7.0_95-b00)
# Java VM: OpenJDK 64-Bit Server VM (24.95-b01 mixed mode linux-amd64 compressed oops)
Heap
 PSYoungGen      total 233472K, used 0K [0x00000000eaa80000, 0x0000000100000000, 0x0000000100000000)
  eden space 117248K, 0% used [0x00000000eaa80000,0x00000000eaa80000,0x00000000f1d00000)
  from space 116224K, 0% used [0x00000000f1d00000,0x00000000f1d00000,0x00000000f8e80000)
  to   space 116224K, 0% used [0x00000000f8e80000,0x00000000f8e80000,0x0000000100000000)
 ParOldGen       total 467456K, used 444311K [0x00000000c0000000, 0x00000000dc880000, 0x00000000eaa80000)
  object space 467456K, 95% used [0x00000000c0000000,0x00000000db1e5ea8,0x00000000dc880000)
 PSPermGen       total 21504K, used 6359K [0x00000000b5a00000, 0x00000000b6f00000, 0x00000000c0000000)
  object space 21504K, 29% used [0x00000000b5a00000,0x00000000b6035fa8,0x00000000b6f00000)
GC Heap History (10 events):
Event: 19.799 GC heap after
Heap after GC invocations=30 (full 5):
 PSYoungGen      total 233472K, used 74633K [0x00000000eaa80000, 0x0000000100000000, 0x0000000100000000)
  eden space 117248K, 0% used [0x00000000eaa80000,0x00000000eaa80000,0x00000000f1d00000)
  from space 116224K, 64% used [0x00000000f1d00000,0x00000000f65e2560,0x00000000f8e80000)
  to   space 116224K, 0% used [0x00000000f8e80000,0x00000000f8e80000,0x0000000100000000)
 ParOldGen       total 467456K, used 360920K [0x00000000c0000000, 0x00000000dc880000, 0x00000000eaa80000)
  object space 467456K, 77% used [0x00000000c0000000,0x00000000d60762c0,0x00000000dc880000)
 PSPermGen       total 21504K, used 6223K [0x00000000b5a00000, 0x00000000b6f00000, 0x00000000c0000000)
  object space 21504K, 28% used [0x00000000b5a00000,0x00000000b6013f00,0x00000000b6f00000)
}
Event: 20.176 GC heap before
{Heap before GC invocations=31 (full 5):
 PSYoungGen      total 233472K, used 191881K [0x00000000eaa80000, 0x0000000100000000, 0x0000000100000000)
  eden space 117248K, 100% used [0x00000000eaa80000,0x00000000f1d00000,0x00000000f1d00000)
  from space 116224K, 64% used [0x00000000f1d00000,0x00000000f65e2560,0x00000000f8e80000)
  to   space 116224K, 0% used [0x00000000f8e80000,0x00000000f8e80000,0x0000000100000000)
 ParOldGen       total 467456K, used 360920K [0x00000000c0000000, 0x00000000dc880000, 0x00000000eaa80000)
  object space 467456K, 77% used [0x00000000c0000000,0x00000000d60762c0,0x00000000dc880000)
 PSPermGen       total 21504K, used 6223K [0x00000000b5a00000, 0x00000000b6f00000, 0x00000000c0000000)
  object space 21504K, 28% used [0x00000000b5a00000,0x00000000b6013f00,0x00000000b6f00000)
Event: 20.221 GC heap after
Heap after GC invocations=31 (full 5):
 PSYoungGen      total 233472K, used 29002K [0x00000000eaa80000, 0x0000000100000000, 0x0000000100000000)
  eden space 117248K, 0% used [0x00000000eaa80000,0x00000000eaa80000,0x00000000f1d00000)
  from space 116224K, 24% used [0x00000000f8e80000,0x00000000faad2900,0x0000000100000000)
  to   space 116224K, 0% used [0x00000000f1d00000,0x00000000f1d00000,0x00000000f8e80000)
 ParOldGen       total 467456K, used 377724K [0x00000000c0000000, 0x00000000dc880000, 0x00000000eaa80000)
  object space 467456K, 80% used [0x00000000c0000000,0x00000000d70df210,0x00000000dc880000)
 PSPermGen       total 21504K, used 6223K [0x00000000b5a00000, 0x00000000b6f00000, 0x00000000c0000000)
  object space 21504K, 28% used [0x00000000b5a00000,0x00000000b6013f00,0x00000000b6f00000)
}
Event: 20.569 GC heap before
{Heap before GC invocations=32 (full 5):
 PSYoungGen      total 233472K, used 146250K [0x00000000eaa80000, 0x0000000100000000, 0x0000000100000000)
  eden space 117248K, 100% used [0x00000000eaa80000,0x00000000f1d00000,0x00000000f1d00000)
  from space 116224K, 24% used [0x00000000f8e80000,0x00000000faad2900,0x0000000100000000)
  to   space 116224K, 0% used [0x00000000f1d00000,0x00000000f1d00000,0x00000000f8e80000)
 ParOldGen       total 467456K, used 377724K [0x00000000c0000000, 0x00000000dc880000, 0x00000000eaa80000)
  object space 467456K, 80% used [0x00000000c0000000,0x00000000d70df210,0x00000000dc880000)
 PSPermGen       total 21504K, used 6223K [0x00000000b5a00000, 0x00000000b6f00000, 0x00000000c0000000)
  object space 21504K, 28% used [0x00000000b5a00000,0x00000000b6013f00,0x00000000b6f00000)
Event: 20.607 GC heap after
Heap after GC invocations=32 (full 5):
 PSYoungGen      total 233472K, used 22493K [0x00000000eaa80000, 0x0000000100000000, 0x0000000100000000)
  eden space 117248K, 0% used [0x00000000eaa80000,0x00000000eaa80000,0x00000000f1d00000)
  from space 116224K, 19% used [0x00000000f1d00000,0x00000000f32f7618,0x00000000f8e80000)
  to   space 116224K, 0% used [0x00000000f8e80000,0x00000000f8e80000,0x0000000100000000)
 ParOldGen       total 467456K, used 394012K [0x00000000c0000000, 0x00000000dc880000, 0x00000000eaa80000)
  object space 467456K, 84% used [0x00000000c0000000,0x00000000d80c7118,0x00000000dc880000)
 PSPermGen       total 21504K, used 6223K [0x00000000b5a00000, 0x00000000b6f00000, 0x00000000c0000000)
  object space 21504K, 28% used [0x00000000b5a00000,0x00000000b6013f00,0x00000000b6f00000)
}
Event: 20.887 GC heap before
{Heap before GC invocations=33 (full 5):
 PSYoungGen      total 233472K, used 139741K [0x00000000eaa80000, 0x0000000100000000, 0x0000000100000000)
  eden space 117248K, 100% used [0x00000000eaa80000,0x00000000f1d00000,0x00000000f1d00000)
  from space 116224K, 19% used [0x00000000f1d00000,0x00000000f32f7618,0x00000000f8e80000)
  to   space 116224K, 0% used [0x00000000f8e80000,0x00000000f8e80000,0x0000000100000000)
 ParOldGen       total 467456K, used 394012K [0x00000000c0000000, 0x00000000dc880000, 0x00000000eaa80000)
  object space 467456K, 84% used [0x00000000c0000000,0x00000000d80c7118,0x00000000dc880000)
 PSPermGen       total 21504K, used 6229K [0x00000000b5a00000, 0x00000000b6f00000, 0x00000000c0000000)
  object space 21504K, 28% used [0x00000000b5a00000,0x00000000b6015668,0x00000000b6f00000)
Event: 20.939 GC heap after
Heap after GC invocations=33 (full 5):
 PSYoungGen      total 233472K, used 19445K [0x00000000eaa80000, 0x0000000100000000, 0x0000000100000000)
  eden space 117248K, 0% used [0x00000000eaa80000,0x00000000eaa80000,0x00000000f1d00000)
  from space 116224K, 16% used [0x00000000f8e80000,0x00000000fa17d730,0x0000000100000000)
  to   space 116224K, 0% used [0x00000000f1d00000,0x00000000f1d00000,0x00000000f8e80000)
 ParOldGen       total 467456K, used 412294K [0x00000000c0000000, 0x00000000dc880000, 0x00000000eaa80000)
  object space 467456K, 88% used [0x00000000c0000000,0x00000000d92a18f0,0x00000000dc880000)
 PSPermGen       total 21504K, used 6229K [0x00000000b5a00000, 0x00000000b6f00000, 0x00000000c0000000)
  object space 21504K, 28% used [0x00000000b5a00000,0x00000000b6015668,0x00000000b6f00000)
}
Event: 22.026 GC heap before
{Heap before GC invocations=34 (full 5):
 PSYoungGen      total 233472K, used 136693K [0x00000000eaa80000, 0x0000000100000000, 0x0000000100000000)
  eden space 117248K, 100% used [0x00000000eaa80000,0x00000000f1d00000,0x00000000f1d00000)
  from space 116224K, 16% used [0x00000000f8e80000,0x00000000fa17d730,0x0000000100000000)
  to   space 116224K, 0% used [0x00000000f1d00000,0x00000000f1d00000,0x00000000f8e80000)
 ParOldGen       total 467456K, used 412294K [0x00000000c0000000, 0x00000000dc880000, 0x00000000eaa80000)
  object space 467456K, 88% used [0x00000000c0000000,0x00000000d92a18f0,0x00000000dc880000)
 PSPermGen       total 21504K, used 6360K [0x00000000b5a00000, 0x00000000b6f00000, 0x00000000c0000000)
  object space 21504K, 29% used [0x00000000b5a00000,0x00000000b6036178,0x00000000b6f00000)
Event: 22.081 GC heap after
Heap after GC invocations=34 (full 5):
 PSYoungGen      total 233472K, used 19835K [0x00000000eaa80000, 0x0000000100000000, 0x0000000100000000)
  eden space 117248K, 0% used [0x00000000eaa80000,0x00000000eaa80000,0x00000000f1d00000)
  from space 116224K, 17% used [0x00000000f1d00000,0x00000000f305efe8,0x00000000f8e80000)
  to   space 116224K, 0% used [0x00000000f8e80000,0x00000000f8e80000,0x0000000100000000)
 ParOldGen       total 467456K, used 430873K [0x00000000c0000000, 0x00000000dc880000, 0x00000000eaa80000)
  object space 467456K, 92% used [0x00000000c0000000,0x00000000da4c66f8,0x00000000dc880000)
 PSPermGen       total 21504K, used 6360K [0x00000000b5a00000, 0x00000000b6f00000, 0x00000000c0000000)
  object space 21504K, 29% used [0x00000000b5a00000,0x00000000b6036178,0x00000000b6f00000)
}
Event: 22.082 GC heap before
{Heap before GC invocations=35 (full 6):
 PSYoungGen      total 233472K, used 19835K [0x00000000eaa80000, 0x0000000100000000, 0x0000000100000000)
  eden space 117248K, 0% used [0x00000000eaa80000,0x00000000eaa80000,0x00000000f1d00000)
  from space 116224K, 17% used [0x00000000f1d00000,0x00000000f305efe8,0x00000000f8e80000)
  to   space 116224K, 0% used [0x00000000f8e80000,0x00000000f8e80000,0x0000000100000000)
 ParOldGen       total 467456K, used 430873K [0x00000000c0000000, 0x00000000dc880000, 0x00000000eaa80000)
  object space 467456K, 92% used [0x00000000c0000000,0x00000000da4c66f8,0x00000000dc880000)
 PSPermGen       total 21504K, used 6360K [0x00000000b5a00000, 0x00000000b6f00000, 0x00000000c0000000)
  object space 21504K, 29% used [0x00000000b5a00000,0x00000000b6036178,0x00000000b6f00000)

